<?xml version="1.0" encoding="UTF-8"?>
<!-- Generated by org.testng.reporters.JUnitReportReporter -->
<testsuite hostname="192.168.1.11" failures="0" tests="1" name="ServicesTest" time="23.948" errors="0" timestamp="2023-11-01T20:10:20 UYT" skipped="0">
  <testcase classname="ServicesTest" name="getEjemplo" time="23.948"/>
</testsuite> <!-- ServicesTest -->
